2020-03-27 01:41:34.4	INFO	geonica		Analyzing meteo data of type 'geonica' from 2020-03-03 00:00:00		
2020-03-27 01:41:34.4	INFO	geonica		Opening file...		
2020-03-27 01:41:34.6	ERROR	geonica	check_format	Wrong dimensions: (1440, 34). It should be: (1440.0, 36)	Z:geonica\geonica2020_03_03.txt	
2020-03-27 01:41:34.8	WARNING	geonica	check_null	"Column ""Elev.Sol"" has some NaN values: DatetimeIndex(['2020-03-03 00:00:00', '2020-03-03 00:01:00',
               '2020-03-03 00:02:00', '2020-03-03 00:03:00',
               '2020-03-03 00:04:00', '2020-03-03 00:05:00',
               '2020-03-03 00:06:00', '2020-03-03 00:07:00',
               '2020-03-03 00:08:00', '2020-03-03 00:09:00',
               ...
               '2020-03-03 23:50:00', '2020-03-03 23:51:00',
               '2020-03-03 23:52:00', '2020-03-03 23:53:00',
               '2020-03-03 23:54:00', '2020-03-03 23:55:00',
               '2020-03-03 23:56:00', '2020-03-03 23:57:00',
               '2020-03-03 23:58:00', '2020-03-03 23:59:00'],
              dtype='datetime64[ns]', name='yyyy/mm/dd_hh:mm', length=754, freq=None)"	Z:geonica\geonica2020_03_03.txt	
2020-03-27 01:41:34.8	WARNING	geonica	check_null	"Column ""Elev.Sol_2"" has some NaN values: DatetimeIndex(['2020-03-03 00:00:00', '2020-03-03 00:01:00',
               '2020-03-03 00:02:00', '2020-03-03 00:03:00',
               '2020-03-03 00:04:00', '2020-03-03 00:05:00',
               '2020-03-03 00:06:00', '2020-03-03 00:07:00',
               '2020-03-03 00:08:00', '2020-03-03 00:09:00',
               ...
               '2020-03-03 06:35:00', '2020-03-03 06:36:00',
               '2020-03-03 06:37:00', '2020-03-03 06:38:00',
               '2020-03-03 06:39:00', '2020-03-03 06:40:00',
               '2020-03-03 06:41:00', '2020-03-03 06:42:00',
               '2020-03-03 06:43:00', '2020-03-03 06:44:00'],
              dtype='datetime64[ns]', name='yyyy/mm/dd_hh:mm', length=405, freq=None)"	Z:geonica\geonica2020_03_03.txt	
2020-03-27 01:41:38.2	WARNING	geonica	check_range	"Column ""GHI"" is not in range [0, 1100]"	Z:geonica\geonica2020_03_03.txt	<_io.BytesIO object at 0x000001240C799FA8>
2020-03-27 01:41:38.4	WARNING	geonica	check_range	"Column ""DHI"" is not in range [0, 1100]"	Z:geonica\geonica2020_03_03.txt	<_io.BytesIO object at 0x000001240E6406A8>
2020-03-27 01:41:38.7	WARNING	geonica	check_range	"Column ""Hum. Rel"" is not in range [10, 60]"	Z:geonica\geonica2020_03_03.txt	<_io.BytesIO object at 0x000001240E8182E8>
2020-03-27 01:41:38.9	WARNING	geonica	check_range	"Column ""POA(41)"" is not in range [-1, 1100]"	Z:geonica\geonica2020_03_03.txt	<_io.BytesIO object at 0x000001240E8BF528>
2020-03-27 01:41:39.2	WARNING	geonica	check_range	"Column ""GNI"" is not in range [-1, 1100]"	Z:geonica\geonica2020_03_03.txt	<_io.BytesIO object at 0x000001240EBD7108>
2020-03-27 01:41:39.4	WARNING	geonica	check_range	"Column ""Auxil.01"" is not in range [0, 1100]"	Z:geonica\geonica2020_03_03.txt	<_io.BytesIO object at 0x000001240EDDC0A8>
2020-03-27 01:41:39.8	WARNING	geonica	check_coherence_isotypes	"No coherence between DNI radiation and isotypes considering a percentage threshold of 5 % in DatetimeIndex(['2020-03-03 10:30:00', '2020-03-03 15:11:00',
               '2020-03-03 15:21:00', '2020-03-03 15:33:00',
               '2020-03-03 15:34:00', '2020-03-03 15:35:00',
               '2020-03-03 15:36:00', '2020-03-03 15:37:00',
               '2020-03-03 15:38:00', '2020-03-03 15:39:00',
               '2020-03-03 15:40:00', '2020-03-03 15:41:00',
               '2020-03-03 15:50:00', '2020-03-03 15:51:00',
               '2020-03-03 15:52:00', '2020-03-03 16:00:00',
               '2020-03-03 16:01:00', '2020-03-03 16:02:00',
               '2020-03-03 16:03:00', '2020-03-03 16:06:00',
               '2020-03-03 16:07:00', '2020-03-03 16:11:00',
               '2020-03-03 16:12:00', '2020-03-03 16:13:00',
               '2020-03-03 16:14:00', '2020-03-03 16:15:00',
               '2020-03-03 16:16:00', '2020-03-03 16:17:00'],
              dtype='datetime64[ns]', name='yyyy/mm/dd_hh:mm', freq=None)"	Z:geonica\geonica2020_03_03.txt	<_io.BytesIO object at 0x000001240EF820A8>
2020-03-27 01:41:40.1	INFO	None		Finishing logging session		
2020-03-27 01:41:40.5	INFO	None		E-mail sent to: ['ruben.nunez@ies.upm.es', ' m.nenkov@alumnos.upm.es']		
